{
  "RSpec": {
    "coverage": {
      "/home/renato/Área de Trabalho/clubster/app/models/user.rb": [
        null,
        1,
        1,
        1,
        null,
        1,
        null,
        null,
        1,
        null,
        null
      ],
      "/home/renato/Área de Trabalho/clubster/app/models/application_record.rb": [
        null,
        1,
        1,
        null
      ],
      "/home/renato/Área de Trabalho/clubster/app/uploaders/file_uploader.rb": [
        1,
        null,
        null,
        null,
        null,
        null,
        1,
        null,
        null,
        null,
        null,
        1,
        0,
        null,
        null,
        null,
        null,
        null,
        null,
        null,
        null,
        null,
        null,
        null,
        null,
        null,
        null,
        null,
        null,
        null,
        null,
        null,
        null,
        null,
        null,
        null,
        null,
        null,
        null,
        null,
        null,
        null,
        null,
        null,
        null,
        null,
        null
      ],
      "/home/renato/Área de Trabalho/clubster/app/helpers/application_helper.rb": [
        1,
        null
      ],
      "/home/renato/Área de Trabalho/clubster/app/models/club.rb": [
        null,
        1,
        1,
        1,
        null,
        1,
        null,
        1,
        1,
        1,
        null
      ],
      "/home/renato/Área de Trabalho/clubster/app/models/event.rb": [
        null,
        1,
        1,
        1,
        null
      ],
      "/home/renato/Área de Trabalho/clubster/app/models/member.rb": [
        null,
        1,
        1,
        1,
        null
      ],
      "/home/renato/Área de Trabalho/clubster/app/models/metting.rb": [
        null,
        1,
        1,
        1,
        null,
        1,
        1,
        null
      ],
      "/home/renato/Área de Trabalho/clubster/app/channels/application_cable/channel.rb": [
        0,
        0,
        0,
        0
      ],
      "/home/renato/Área de Trabalho/clubster/app/channels/application_cable/connection.rb": [
        0,
        0,
        0,
        0
      ],
      "/home/renato/Área de Trabalho/clubster/app/controllers/application_controller.rb": [
        0,
        null,
        0,
        0,
        0,
        null,
        0,
        0
      ],
      "/home/renato/Área de Trabalho/clubster/app/jobs/application_job.rb": [
        0,
        0
      ],
      "/home/renato/Área de Trabalho/clubster/app/mailers/application_mailer.rb": [
        0,
        0,
        0,
        0
      ],
      "/home/renato/Área de Trabalho/clubster/lib/application_responder.rb": [
        0,
        0,
        0,
        null,
        null,
        null,
        null,
        0
      ]
    },
    "timestamp": 1515760114
  }
}
